<?xml version="1.0" encoding="UTF-8"?>
<!-- Generated by org.testng.reporters.JUnitXMLReporter -->
<testsuite hostname="Mlokare-Mpro15.box" ignored="1" name="Default test" tests="1" failures="0" timestamp="19 Jul 2022 22:16:44 GMT" time="3.902" errors="0">
  <testcase name="@BeforeTest setup" time="3.878" classname="com.qa.mytheres.tests.base.BaseTest">
    <failure type="com.microsoft.playwright.PlaywrightException" message="Error {
  message=&amp;apos;url: expected string, got undefined
  name=&amp;apos;Error
  stack=&amp;apos;Error: url: expected string, got undefined
    at tString (/private/var/folders/0d/nltcyhds4t99c9fktvddhg040000gp/T/playwright-java-8399788836561760101/package/lib/protocol/validatorPrimitives.js:48:9)
    at Object.FrameGotoParams (/private/var/folders/0d/nltcyhds4t99c9fktvddhg040000gp/T/playwright-java-8399788836561760101/package/lib/protocol/validatorPrimitives.js:99:21)
    at DispatcherConnection._validateParams (/private/var/folders/0d/nltcyhds4t99c9fktvddhg040000gp/T/playwright-java-8399788836561760101/package/lib/server/dispatchers/dispatcher.js:224:26)
    at DispatcherConnection.dispatch (/private/var/folders/0d/nltcyhds4t99c9fktvddhg040000gp/T/playwright-java-8399788836561760101/package/lib/server/dispatchers/dispatcher.js:267:26)
    at PipeTransport.transport.onmessage (/private/var/folders/0d/nltcyhds4t99c9fktvddhg040000gp/T/playwright-java-8399788836561760101/package/lib/cli/driver.js:61:57)
    at Immediate._onImmediate (/private/var/folders/0d/nltcyhds4t99c9fktvddhg040000gp/T/playwright-java-8399788836561760101/package/lib/protocol/transport.js:89:34)
    at processImmediate (node:internal/timers:464:21)
}">
      <![CDATA[com.microsoft.playwright.PlaywrightException: Error {
  message='url: expected string, got undefined
  name='Error
  stack='Error: url: expected string, got undefined
    at tString (/private/var/folders/0d/nltcyhds4t99c9fktvddhg040000gp/T/playwright-java-8399788836561760101/package/lib/protocol/validatorPrimitives.js:48:9)
    at Object.FrameGotoParams (/private/var/folders/0d/nltcyhds4t99c9fktvddhg040000gp/T/playwright-java-8399788836561760101/package/lib/protocol/validatorPrimitives.js:99:21)
    at DispatcherConnection._validateParams (/private/var/folders/0d/nltcyhds4t99c9fktvddhg040000gp/T/playwright-java-8399788836561760101/package/lib/server/dispatchers/dispatcher.js:224:26)
    at DispatcherConnection.dispatch (/private/var/folders/0d/nltcyhds4t99c9fktvddhg040000gp/T/playwright-java-8399788836561760101/package/lib/server/dispatchers/dispatcher.js:267:26)
    at PipeTransport.transport.onmessage (/private/var/folders/0d/nltcyhds4t99c9fktvddhg040000gp/T/playwright-java-8399788836561760101/package/lib/cli/driver.js:61:57)
    at Immediate._onImmediate (/private/var/folders/0d/nltcyhds4t99c9fktvddhg040000gp/T/playwright-java-8399788836561760101/package/lib/protocol/transport.js:89:34)
    at processImmediate (node:internal/timers:464:21)
}
at com.microsoft.playwright.impl.WaitableResult.get(WaitableResult.java:54)
at com.microsoft.playwright.impl.ChannelOwner.runUntil(ChannelOwner.java:103)
at com.microsoft.playwright.impl.Connection.sendMessage(Connection.java:106)
at com.microsoft.playwright.impl.ChannelOwner.sendMessage(ChannelOwner.java:94)
at com.microsoft.playwright.impl.FrameImpl.navigateImpl(FrameImpl.java:401)
at com.microsoft.playwright.impl.PageImpl.lambda$navigate$32(PageImpl.java:800)
at com.microsoft.playwright.impl.LoggingSupport.withLogging(LoggingSupport.java:47)
at com.microsoft.playwright.impl.ChannelOwner.withLogging(ChannelOwner.java:79)
at com.microsoft.playwright.impl.PageImpl.navigate(PageImpl.java:800)
at com.microsoft.playwright.impl.PageImpl.navigate(PageImpl.java:41)
at com.microsoft.playwright.Page.navigate(Page.java:4293)
at com.qa.mytheresa.factory.PlaywrightFactory.initBrowser(PlaywrightFactory.java:59)
at com.qa.mytheres.tests.base.BaseTest.setup(BaseTest.java:34)
at sun.reflect.NativeMethodAccessorImpl.invoke0(Native Method)
at sun.reflect.NativeMethodAccessorImpl.invoke(NativeMethodAccessorImpl.java:62)
at sun.reflect.DelegatingMethodAccessorImpl.invoke(DelegatingMethodAccessorImpl.java:43)
at java.lang.reflect.Method.invoke(Method.java:498)
at org.testng.internal.MethodInvocationHelper.invokeMethod(MethodInvocationHelper.java:124)
at org.testng.internal.MethodInvocationHelper.invokeMethodConsideringTimeout(MethodInvocationHelper.java:59)
at org.testng.internal.Invoker.invokeConfigurationMethod(Invoker.java:458)
at org.testng.internal.Invoker.invokeConfigurations(Invoker.java:222)
at org.testng.internal.Invoker.invokeConfigurations(Invoker.java:142)
at org.testng.TestRunner.beforeRun(TestRunner.java:529)
at org.testng.TestRunner.run(TestRunner.java:497)
at org.testng.SuiteRunner.runTest(SuiteRunner.java:455)
at org.testng.SuiteRunner.runSequentially(SuiteRunner.java:450)
at org.testng.SuiteRunner.privateRun(SuiteRunner.java:415)
at org.testng.SuiteRunner.run(SuiteRunner.java:364)
at org.testng.SuiteRunnerWorker.runSuite(SuiteRunnerWorker.java:52)
at org.testng.SuiteRunnerWorker.run(SuiteRunnerWorker.java:84)
at org.testng.TestNG.runSuitesSequentially(TestNG.java:1208)
at org.testng.TestNG.runSuitesLocally(TestNG.java:1137)
at org.testng.TestNG.runSuites(TestNG.java:1049)
at org.testng.TestNG.run(TestNG.java:1017)
at org.testng.remote.AbstractRemoteTestNG.run(AbstractRemoteTestNG.java:115)
at org.testng.remote.RemoteTestNG.initAndRun(RemoteTestNG.java:251)
at org.testng.remote.RemoteTestNG.main(RemoteTestNG.java:77)
Caused by: com.microsoft.playwright.impl.DriverException: Error {
  message='url: expected string, got undefined
  name='Error
  stack='Error: url: expected string, got undefined
    at tString (/private/var/folders/0d/nltcyhds4t99c9fktvddhg040000gp/T/playwright-java-8399788836561760101/package/lib/protocol/validatorPrimitives.js:48:9)
    at Object.FrameGotoParams (/private/var/folders/0d/nltcyhds4t99c9fktvddhg040000gp/T/playwright-java-8399788836561760101/package/lib/protocol/validatorPrimitives.js:99:21)
    at DispatcherConnection._validateParams (/private/var/folders/0d/nltcyhds4t99c9fktvddhg040000gp/T/playwright-java-8399788836561760101/package/lib/server/dispatchers/dispatcher.js:224:26)
    at DispatcherConnection.dispatch (/private/var/folders/0d/nltcyhds4t99c9fktvddhg040000gp/T/playwright-java-8399788836561760101/package/lib/server/dispatchers/dispatcher.js:267:26)
    at PipeTransport.transport.onmessage (/private/var/folders/0d/nltcyhds4t99c9fktvddhg040000gp/T/playwright-java-8399788836561760101/package/lib/cli/driver.js:61:57)
    at Immediate._onImmediate (/private/var/folders/0d/nltcyhds4t99c9fktvddhg040000gp/T/playwright-java-8399788836561760101/package/lib/protocol/transport.js:89:34)
    at processImmediate (node:internal/timers:464:21)
}
at com.microsoft.playwright.impl.Connection.dispatch(Connection.java:188)
at com.microsoft.playwright.impl.Connection.processOneMessage(Connection.java:168)
at com.microsoft.playwright.impl.ChannelOwner.runUntil(ChannelOwner.java:101)
... 35 more
]]>
    </failure>
  </testcase> <!-- @BeforeTest setup -->
  <testcase name="@AfterTest tearDown" time="0.0" classname="com.qa.mytheres.tests.base.BaseTest">
    <skipped/>
  </testcase> <!-- @AfterTest tearDown -->
  <testcase name="verifyBrokenLinks" time="0.0" classname="com.qa.mytheresa.tests.HomePageTest">
    <skipped/>
  </testcase> <!-- verifyBrokenLinks -->
  <testcase name="login" time="0.0" classname="com.qa.mytheresa.tests.HomePageTest">
    <ignored/>
  </testcase> <!-- login -->
</testsuite> <!-- Default test -->
