<html>
<head>
<title>TestNG:  Default test</title>
<link href="../testng.css" rel="stylesheet" type="text/css" />
<link href="../my-testng.css" rel="stylesheet" type="text/css" />

<style type="text/css">
.log { display: none;} 
.stack-trace { display: none;} 
</style>
<script type="text/javascript">
<!--
function flip(e) {
  current = e.style.display;
  if (current == 'block') {
    e.style.display = 'none';
    return 0;
  }
  else {
    e.style.display = 'block';
    return 1;
  }
}

function toggleBox(szDivId, elem, msg1, msg2)
{
  var res = -1;  if (document.getElementById) {
    res = flip(document.getElementById(szDivId));
  }
  else if (document.all) {
    // this is the way old msie versions work
    res = flip(document.all[szDivId]);
  }
  if(elem) {
    if(res == 0) elem.innerHTML = msg1; else elem.innerHTML = msg2;
  }

}

function toggleAllBoxes() {
  if (document.getElementsByTagName) {
    d = document.getElementsByTagName('div');
    for (i = 0; i < d.length; i++) {
      if (d[i].className == 'log') {
        flip(d[i]);
      }
    }
  }
}

// -->
</script>

</head>
<body>
<h2 align='center'>Default test</h2><table border='1' align="center">
<tr>
<td>Tests passed/Failed/Skipped:</td><td>0/0/1</td>
</tr><tr>
<td>Started on:</td><td>Wed Jul 20 00:16:40 CEST 2022</td>
</tr>
<tr><td>Total time:</td><td>3 seconds (3902 ms)</td>
</tr><tr>
<td>Included groups:</td><td></td>
</tr><tr>
<td>Excluded groups:</td><td></td>
</tr>
</table><p/>
<small><i>(Hover the method name to see the test class name)</i></small><p/>
<table width='100%' border='1' class='invocation-failed'>
<tr><td colspan='4' align='center'><b>FAILED CONFIGURATIONS</b></td></tr>
<tr><td><b>Test method</b></td>
<td width="30%"><b>Exception</b></td>
<td width="10%"><b>Time (seconds)</b></td>
<td><b>Instance</b></td>
</tr>
<tr>
<td title='com.qa.mytheresa.tests.HomePageTest.setup()'><b>setup</b><br>Test class: com.qa.mytheresa.tests.HomePageTest</td>
<td><div><pre>com.microsoft.playwright.PlaywrightException: Error {
  message=&apos;url: expected string, got undefined
  name=&apos;Error
  stack=&apos;Error: url: expected string, got undefined
    at tString (/private/var/folders/0d/nltcyhds4t99c9fktvddhg040000gp/T/playwright-java-8399788836561760101/package/lib/protocol/validatorPrimitives.js:48:9)
    at Object.FrameGotoParams (/private/var/folders/0d/nltcyhds4t99c9fktvddhg040000gp/T/playwright-java-8399788836561760101/package/lib/protocol/validatorPrimitives.js:99:21)
    at DispatcherConnection._validateParams (/private/var/folders/0d/nltcyhds4t99c9fktvddhg040000gp/T/playwright-java-8399788836561760101/package/lib/server/dispatchers/dispatcher.js:224:26)
    at DispatcherConnection.dispatch (/private/var/folders/0d/nltcyhds4t99c9fktvddhg040000gp/T/playwright-java-8399788836561760101/package/lib/server/dispatchers/dispatcher.js:267:26)
    at PipeTransport.transport.onmessage (/private/var/folders/0d/nltcyhds4t99c9fktvddhg040000gp/T/playwright-java-8399788836561760101/package/lib/cli/driver.js:61:57)
    at Immediate._onImmediate (/private/var/folders/0d/nltcyhds4t99c9fktvddhg040000gp/T/playwright-java-8399788836561760101/package/lib/protocol/transport.js:89:34)
    at processImmediate (node:internal/timers:464:21)
}
	at com.microsoft.playwright.impl.WaitableResult.get(WaitableResult.java:54)
	at com.microsoft.playwright.impl.ChannelOwner.runUntil(ChannelOwner.java:103)
	at com.microsoft.playwright.impl.Connection.sendMessage(Connection.java:106)
	at com.microsoft.playwright.impl.ChannelOwner.sendMessage(ChannelOwner.java:94)
	at com.microsoft.playwright.impl.FrameImpl.navigateImpl(FrameImpl.java:401)
	at com.microsoft.playwright.impl.PageImpl.lambda$navigate$32(PageImpl.java:800)
	at com.microsoft.playwright.impl.LoggingSupport.withLogging(LoggingSupport.java:47)
	at com.microsoft.playwright.impl.ChannelOwner.withLogging(ChannelOwner.java:79)
	at com.microsoft.playwright.impl.PageImpl.navigate(PageImpl.java:800)
	at com.microsoft.playwright.impl.PageImpl.navigate(PageImpl.java:41)
	at com.microsoft.playwright.Page.navigate(Page.java:4293)
	at com.qa.mytheresa.factory.PlaywrightFactory.initBrowser(PlaywrightFactory.java:59)
	at com.qa.mytheres.tests.base.BaseTest.setup(BaseTest.java:34)
	at sun.reflect.NativeMethodAccessorImpl.invoke0(Native Method)
	at sun.reflect.NativeMethodAccessorImpl.invoke(NativeMethodAccessorImpl.java:62)
	at sun.reflect.DelegatingMethodAccessorImpl.invoke(DelegatingMethodAccessorImpl.java:43)
	at java.lang.reflect.Method.invoke(Method.java:498)
	at org.testng.internal.MethodInvocationHelper.invokeMethod(MethodInvocationHelper.java:124)
	at org.testng.internal.MethodInvocationHelper.invokeMethodConsideringTimeout(MethodInvocationHelper.java:59)
	at org.testng.internal.Invoker.invokeConfigurationMethod(Invoker.java:458)
	at org.testng.internal.Invoker.invokeConfigurations(Invoker.java:222)
	at org.testng.internal.Invoker.invokeConfigurations(Invoker.java:142)
	at org.testng.TestRunner.beforeRun(TestRunner.java:529)
	at org.testng.TestRunner.run(TestRunner.java:497)
	at org.testng.SuiteRunner.runTest(SuiteRunner.java:455)
	at org.testng.SuiteRunner.runSequentially(SuiteRunner.java:450)
	at org.testng.SuiteRunner.privateRun(SuiteRunner.java:415)
	at org.testng.SuiteRunner.run(SuiteRunner.java:364)
	at org.testng.SuiteRunnerWorker.runSuite(SuiteRunnerWorker.java:52)
	at org.testng.SuiteRunnerWorker.run(SuiteRunnerWorker.java:84)
	at org.testng.TestNG.runSuitesSequentially(TestNG.java:1208)
	at org.testng.TestNG.runSuitesLocally(TestNG.java:1137)
	at org.testng.TestNG.runSuites(TestNG.java:1049)
	at org.testng.TestNG.run(TestNG.java:1017)
	at org.testng.remote.AbstractRemoteTestNG.run(AbstractRemoteTestNG.java:115)
	at org.testng.remote.RemoteTestNG.initAndRun(RemoteTestNG.java:251)
	at org.testng.remote.RemoteTestNG.main(RemoteTestNG.java:77)
Caused by: com.microsoft.playwright.impl.DriverException: Error {
  message=&apos;url: expected string, got undefined
  name=&apos;Error
  stack=&apos;Error: url: expected string, got undefined
    at tString (/private/var/folders/0d/nltcyhds4t99c9fktvddhg040000gp/T/playwright-java-8399788836561760101/package/lib/protocol/validatorPrimitives.js:48:9)
    at Object.FrameGotoParams (/private/var/folders/0d/nltcyhds4t99c9fktvddhg040000gp/T/playwright-java-8399788836561760101/package/lib/protocol/validatorPrimitives.js:99:21)
    at DispatcherConnection._validateParams (/private/var/folders/0d/nltcyhds4t99c9fktvddhg040000gp/T/playwright-java-8399788836561760101/package/lib/server/dispatchers/dispatcher.js:224:26)
    at DispatcherConnection.dispatch (/private/var/folders/0d/nltcyhds4t99c9fktvddhg040000gp/T/playwright-java-8399788836561760101/package/lib/server/dispatchers/dispatcher.js:267:26)
    at PipeTransport.transport.onmessage (/private/var/folders/0d/nltcyhds4t99c9fktvddhg040000gp/T/playwright-java-8399788836561760101/package/lib/cli/driver.js:61:57)
    at Immediate._onImmediate (/private/var/folders/0d/nltcyhds4t99c9fktvddhg040000gp/T/playwright-java-8399788836561760101/package/lib/protocol/transport.js:89:34)
    at processImmediate (node:internal/timers:464:21)
}
	at com.microsoft.playwright.impl.Connection.dispatch(Connection.java:188)
	at com.microsoft.playwright.impl.Connection.processOneMessage(Connection.java:168)
	at com.microsoft.playwright.impl.ChannelOwner.runUntil(ChannelOwner.java:101)
	... 35 more
</pre></div><a href='#' onClick='toggleBox("stack-trace793331940", this, "Click to show all stack frames", "Click to hide stack frames")'>Click to show all stack frames</a>
<div class='stack-trace' id='stack-trace793331940'><pre>com.microsoft.playwright.PlaywrightException: Error {
  message=&apos;url: expected string, got undefined
  name=&apos;Error
  stack=&apos;Error: url: expected string, got undefined
    at tString (/private/var/folders/0d/nltcyhds4t99c9fktvddhg040000gp/T/playwright-java-8399788836561760101/package/lib/protocol/validatorPrimitives.js:48:9)
    at Object.FrameGotoParams (/private/var/folders/0d/nltcyhds4t99c9fktvddhg040000gp/T/playwright-java-8399788836561760101/package/lib/protocol/validatorPrimitives.js:99:21)
    at DispatcherConnection._validateParams (/private/var/folders/0d/nltcyhds4t99c9fktvddhg040000gp/T/playwright-java-8399788836561760101/package/lib/server/dispatchers/dispatcher.js:224:26)
    at DispatcherConnection.dispatch (/private/var/folders/0d/nltcyhds4t99c9fktvddhg040000gp/T/playwright-java-8399788836561760101/package/lib/server/dispatchers/dispatcher.js:267:26)
    at PipeTransport.transport.onmessage (/private/var/folders/0d/nltcyhds4t99c9fktvddhg040000gp/T/playwright-java-8399788836561760101/package/lib/cli/driver.js:61:57)
    at Immediate._onImmediate (/private/var/folders/0d/nltcyhds4t99c9fktvddhg040000gp/T/playwright-java-8399788836561760101/package/lib/protocol/transport.js:89:34)
    at processImmediate (node:internal/timers:464:21)
}
	at com.microsoft.playwright.impl.WaitableResult.get(WaitableResult.java:54)
	at com.microsoft.playwright.impl.ChannelOwner.runUntil(ChannelOwner.java:103)
	at com.microsoft.playwright.impl.Connection.sendMessage(Connection.java:106)
	at com.microsoft.playwright.impl.ChannelOwner.sendMessage(ChannelOwner.java:94)
	at com.microsoft.playwright.impl.FrameImpl.navigateImpl(FrameImpl.java:401)
	at com.microsoft.playwright.impl.PageImpl.lambda$navigate$32(PageImpl.java:800)
	at com.microsoft.playwright.impl.LoggingSupport.withLogging(LoggingSupport.java:47)
	at com.microsoft.playwright.impl.ChannelOwner.withLogging(ChannelOwner.java:79)
	at com.microsoft.playwright.impl.PageImpl.navigate(PageImpl.java:800)
	at com.microsoft.playwright.impl.PageImpl.navigate(PageImpl.java:41)
	at com.microsoft.playwright.Page.navigate(Page.java:4293)
	at com.qa.mytheresa.factory.PlaywrightFactory.initBrowser(PlaywrightFactory.java:59)
	at com.qa.mytheres.tests.base.BaseTest.setup(BaseTest.java:34)
	at sun.reflect.NativeMethodAccessorImpl.invoke0(Native Method)
	at sun.reflect.NativeMethodAccessorImpl.invoke(NativeMethodAccessorImpl.java:62)
	at sun.reflect.DelegatingMethodAccessorImpl.invoke(DelegatingMethodAccessorImpl.java:43)
	at java.lang.reflect.Method.invoke(Method.java:498)
	at org.testng.internal.MethodInvocationHelper.invokeMethod(MethodInvocationHelper.java:124)
	at org.testng.internal.MethodInvocationHelper.invokeMethodConsideringTimeout(MethodInvocationHelper.java:59)
	at org.testng.internal.Invoker.invokeConfigurationMethod(Invoker.java:458)
	at org.testng.internal.Invoker.invokeConfigurations(Invoker.java:222)
	at org.testng.internal.Invoker.invokeConfigurations(Invoker.java:142)
	at org.testng.TestRunner.beforeRun(TestRunner.java:529)
	at org.testng.TestRunner.run(TestRunner.java:497)
	at org.testng.SuiteRunner.runTest(SuiteRunner.java:455)
	at org.testng.SuiteRunner.runSequentially(SuiteRunner.java:450)
	at org.testng.SuiteRunner.privateRun(SuiteRunner.java:415)
	at org.testng.SuiteRunner.run(SuiteRunner.java:364)
	at org.testng.SuiteRunnerWorker.runSuite(SuiteRunnerWorker.java:52)
	at org.testng.SuiteRunnerWorker.run(SuiteRunnerWorker.java:84)
	at org.testng.TestNG.runSuitesSequentially(TestNG.java:1208)
	at org.testng.TestNG.runSuitesLocally(TestNG.java:1137)
	at org.testng.TestNG.runSuites(TestNG.java:1049)
	at org.testng.TestNG.run(TestNG.java:1017)
	at org.testng.remote.AbstractRemoteTestNG.run(AbstractRemoteTestNG.java:115)
	at org.testng.remote.RemoteTestNG.initAndRun(RemoteTestNG.java:251)
	at org.testng.remote.RemoteTestNG.main(RemoteTestNG.java:77)
Caused by: com.microsoft.playwright.impl.DriverException: Error {
  message=&apos;url: expected string, got undefined
  name=&apos;Error
  stack=&apos;Error: url: expected string, got undefined
    at tString (/private/var/folders/0d/nltcyhds4t99c9fktvddhg040000gp/T/playwright-java-8399788836561760101/package/lib/protocol/validatorPrimitives.js:48:9)
    at Object.FrameGotoParams (/private/var/folders/0d/nltcyhds4t99c9fktvddhg040000gp/T/playwright-java-8399788836561760101/package/lib/protocol/validatorPrimitives.js:99:21)
    at DispatcherConnection._validateParams (/private/var/folders/0d/nltcyhds4t99c9fktvddhg040000gp/T/playwright-java-8399788836561760101/package/lib/server/dispatchers/dispatcher.js:224:26)
    at DispatcherConnection.dispatch (/private/var/folders/0d/nltcyhds4t99c9fktvddhg040000gp/T/playwright-java-8399788836561760101/package/lib/server/dispatchers/dispatcher.js:267:26)
    at PipeTransport.transport.onmessage (/private/var/folders/0d/nltcyhds4t99c9fktvddhg040000gp/T/playwright-java-8399788836561760101/package/lib/cli/driver.js:61:57)
    at Immediate._onImmediate (/private/var/folders/0d/nltcyhds4t99c9fktvddhg040000gp/T/playwright-java-8399788836561760101/package/lib/protocol/transport.js:89:34)
    at processImmediate (node:internal/timers:464:21)
}
	at com.microsoft.playwright.impl.Connection.dispatch(Connection.java:188)
	at com.microsoft.playwright.impl.Connection.processOneMessage(Connection.java:168)
	at com.microsoft.playwright.impl.ChannelOwner.runUntil(ChannelOwner.java:101)
	... 35 more
</pre></div></td>
<td>3</td>
<td>com.qa.mytheresa.tests.HomePageTest@4d3167f4</td></tr>
</table><p>
<table width='100%' border='1' class='invocation-skipped'>
<tr><td colspan='4' align='center'><b>SKIPPED CONFIGURATIONS</b></td></tr>
<tr><td><b>Test method</b></td>
<td width="30%"><b>Exception</b></td>
<td width="10%"><b>Time (seconds)</b></td>
<td><b>Instance</b></td>
</tr>
<tr>
<td title='com.qa.mytheresa.tests.HomePageTest.tearDown()'><b>tearDown</b><br>Test class: com.qa.mytheresa.tests.HomePageTest</td>
<td></td>
<td>0</td>
<td>com.qa.mytheresa.tests.HomePageTest@4d3167f4</td></tr>
</table><p>
<table width='100%' border='1' class='invocation-skipped'>
<tr><td colspan='4' align='center'><b>SKIPPED TESTS</b></td></tr>
<tr><td><b>Test method</b></td>
<td width="30%"><b>Exception</b></td>
<td width="10%"><b>Time (seconds)</b></td>
<td><b>Instance</b></td>
</tr>
<tr>
<td title='com.qa.mytheresa.tests.HomePageTest.verifyBrokenLinks()'><b>verifyBrokenLinks</b><br>Test class: com.qa.mytheresa.tests.HomePageTest</td>
<td><div><pre>com.microsoft.playwright.PlaywrightException: Error {
  message=&apos;url: expected string, got undefined
  name=&apos;Error
  stack=&apos;Error: url: expected string, got undefined
    at tString (/private/var/folders/0d/nltcyhds4t99c9fktvddhg040000gp/T/playwright-java-8399788836561760101/package/lib/protocol/validatorPrimitives.js:48:9)
    at Object.FrameGotoParams (/private/var/folders/0d/nltcyhds4t99c9fktvddhg040000gp/T/playwright-java-8399788836561760101/package/lib/protocol/validatorPrimitives.js:99:21)
    at DispatcherConnection._validateParams (/private/var/folders/0d/nltcyhds4t99c9fktvddhg040000gp/T/playwright-java-8399788836561760101/package/lib/server/dispatchers/dispatcher.js:224:26)
    at DispatcherConnection.dispatch (/private/var/folders/0d/nltcyhds4t99c9fktvddhg040000gp/T/playwright-java-8399788836561760101/package/lib/server/dispatchers/dispatcher.js:267:26)
    at PipeTransport.transport.onmessage (/private/var/folders/0d/nltcyhds4t99c9fktvddhg040000gp/T/playwright-java-8399788836561760101/package/lib/cli/driver.js:61:57)
    at Immediate._onImmediate (/private/var/folders/0d/nltcyhds4t99c9fktvddhg040000gp/T/playwright-java-8399788836561760101/package/lib/protocol/transport.js:89:34)
    at processImmediate (node:internal/timers:464:21)
}
	at com.microsoft.playwright.impl.WaitableResult.get(WaitableResult.java:54)
	at com.microsoft.playwright.impl.ChannelOwner.runUntil(ChannelOwner.java:103)
	at com.microsoft.playwright.impl.Connection.sendMessage(Connection.java:106)
	at com.microsoft.playwright.impl.ChannelOwner.sendMessage(ChannelOwner.java:94)
	at com.microsoft.playwright.impl.FrameImpl.navigateImpl(FrameImpl.java:401)
	at com.microsoft.playwright.impl.PageImpl.lambda$navigate$32(PageImpl.java:800)
	at com.microsoft.playwright.impl.LoggingSupport.withLogging(LoggingSupport.java:47)
	at com.microsoft.playwright.impl.ChannelOwner.withLogging(ChannelOwner.java:79)
	at com.microsoft.playwright.impl.PageImpl.navigate(PageImpl.java:800)
	at com.microsoft.playwright.impl.PageImpl.navigate(PageImpl.java:41)
	at com.microsoft.playwright.Page.navigate(Page.java:4293)
	at com.qa.mytheresa.factory.PlaywrightFactory.initBrowser(PlaywrightFactory.java:59)
	at com.qa.mytheres.tests.base.BaseTest.setup(BaseTest.java:34)
	at sun.reflect.NativeMethodAccessorImpl.invoke0(Native Method)
	at sun.reflect.NativeMethodAccessorImpl.invoke(NativeMethodAccessorImpl.java:62)
	at sun.reflect.DelegatingMethodAccessorImpl.invoke(DelegatingMethodAccessorImpl.java:43)
	at java.lang.reflect.Method.invoke(Method.java:498)
	at org.testng.internal.MethodInvocationHelper.invokeMethod(MethodInvocationHelper.java:124)
	at org.testng.internal.MethodInvocationHelper.invokeMethodConsideringTimeout(MethodInvocationHelper.java:59)
	at org.testng.internal.Invoker.invokeConfigurationMethod(Invoker.java:458)
	at org.testng.internal.Invoker.invokeConfigurations(Invoker.java:222)
	at org.testng.internal.Invoker.invokeConfigurations(Invoker.java:142)
	at org.testng.TestRunner.beforeRun(TestRunner.java:529)
	at org.testng.TestRunner.run(TestRunner.java:497)
	at org.testng.SuiteRunner.runTest(SuiteRunner.java:455)
	at org.testng.SuiteRunner.runSequentially(SuiteRunner.java:450)
	at org.testng.SuiteRunner.privateRun(SuiteRunner.java:415)
	at org.testng.SuiteRunner.run(SuiteRunner.java:364)
	at org.testng.SuiteRunnerWorker.runSuite(SuiteRunnerWorker.java:52)
	at org.testng.SuiteRunnerWorker.run(SuiteRunnerWorker.java:84)
	at org.testng.TestNG.runSuitesSequentially(TestNG.java:1208)
	at org.testng.TestNG.runSuitesLocally(TestNG.java:1137)
	at org.testng.TestNG.runSuites(TestNG.java:1049)
	at org.testng.TestNG.run(TestNG.java:1017)
	at org.testng.remote.AbstractRemoteTestNG.run(AbstractRemoteTestNG.java:115)
	at org.testng.remote.RemoteTestNG.initAndRun(RemoteTestNG.java:251)
	at org.testng.remote.RemoteTestNG.main(RemoteTestNG.java:77)
Caused by: com.microsoft.playwright.impl.DriverException: Error {
  message=&apos;url: expected string, got undefined
  name=&apos;Error
  stack=&apos;Error: url: expected string, got undefined
    at tString (/private/var/folders/0d/nltcyhds4t99c9fktvddhg040000gp/T/playwright-java-8399788836561760101/package/lib/protocol/validatorPrimitives.js:48:9)
    at Object.FrameGotoParams (/private/var/folders/0d/nltcyhds4t99c9fktvddhg040000gp/T/playwright-java-8399788836561760101/package/lib/protocol/validatorPrimitives.js:99:21)
    at DispatcherConnection._validateParams (/private/var/folders/0d/nltcyhds4t99c9fktvddhg040000gp/T/playwright-java-8399788836561760101/package/lib/server/dispatchers/dispatcher.js:224:26)
    at DispatcherConnection.dispatch (/private/var/folders/0d/nltcyhds4t99c9fktvddhg040000gp/T/playwright-java-8399788836561760101/package/lib/server/dispatchers/dispatcher.js:267:26)
    at PipeTransport.transport.onmessage (/private/var/folders/0d/nltcyhds4t99c9fktvddhg040000gp/T/playwright-java-8399788836561760101/package/lib/cli/driver.js:61:57)
    at Immediate._onImmediate (/private/var/folders/0d/nltcyhds4t99c9fktvddhg040000gp/T/playwright-java-8399788836561760101/package/lib/protocol/transport.js:89:34)
    at processImmediate (node:internal/timers:464:21)
}
	at com.microsoft.playwright.impl.Connection.dispatch(Connection.java:188)
	at com.microsoft.playwright.impl.Connection.processOneMessage(Connection.java:168)
	at com.microsoft.playwright.impl.ChannelOwner.runUntil(ChannelOwner.java:101)
	... 35 more
</pre></div><a href='#' onClick='toggleBox("stack-trace1965237677", this, "Click to show all stack frames", "Click to hide stack frames")'>Click to show all stack frames</a>
<div class='stack-trace' id='stack-trace1965237677'><pre>com.microsoft.playwright.PlaywrightException: Error {
  message=&apos;url: expected string, got undefined
  name=&apos;Error
  stack=&apos;Error: url: expected string, got undefined
    at tString (/private/var/folders/0d/nltcyhds4t99c9fktvddhg040000gp/T/playwright-java-8399788836561760101/package/lib/protocol/validatorPrimitives.js:48:9)
    at Object.FrameGotoParams (/private/var/folders/0d/nltcyhds4t99c9fktvddhg040000gp/T/playwright-java-8399788836561760101/package/lib/protocol/validatorPrimitives.js:99:21)
    at DispatcherConnection._validateParams (/private/var/folders/0d/nltcyhds4t99c9fktvddhg040000gp/T/playwright-java-8399788836561760101/package/lib/server/dispatchers/dispatcher.js:224:26)
    at DispatcherConnection.dispatch (/private/var/folders/0d/nltcyhds4t99c9fktvddhg040000gp/T/playwright-java-8399788836561760101/package/lib/server/dispatchers/dispatcher.js:267:26)
    at PipeTransport.transport.onmessage (/private/var/folders/0d/nltcyhds4t99c9fktvddhg040000gp/T/playwright-java-8399788836561760101/package/lib/cli/driver.js:61:57)
    at Immediate._onImmediate (/private/var/folders/0d/nltcyhds4t99c9fktvddhg040000gp/T/playwright-java-8399788836561760101/package/lib/protocol/transport.js:89:34)
    at processImmediate (node:internal/timers:464:21)
}
	at com.microsoft.playwright.impl.WaitableResult.get(WaitableResult.java:54)
	at com.microsoft.playwright.impl.ChannelOwner.runUntil(ChannelOwner.java:103)
	at com.microsoft.playwright.impl.Connection.sendMessage(Connection.java:106)
	at com.microsoft.playwright.impl.ChannelOwner.sendMessage(ChannelOwner.java:94)
	at com.microsoft.playwright.impl.FrameImpl.navigateImpl(FrameImpl.java:401)
	at com.microsoft.playwright.impl.PageImpl.lambda$navigate$32(PageImpl.java:800)
	at com.microsoft.playwright.impl.LoggingSupport.withLogging(LoggingSupport.java:47)
	at com.microsoft.playwright.impl.ChannelOwner.withLogging(ChannelOwner.java:79)
	at com.microsoft.playwright.impl.PageImpl.navigate(PageImpl.java:800)
	at com.microsoft.playwright.impl.PageImpl.navigate(PageImpl.java:41)
	at com.microsoft.playwright.Page.navigate(Page.java:4293)
	at com.qa.mytheresa.factory.PlaywrightFactory.initBrowser(PlaywrightFactory.java:59)
	at com.qa.mytheres.tests.base.BaseTest.setup(BaseTest.java:34)
	at sun.reflect.NativeMethodAccessorImpl.invoke0(Native Method)
	at sun.reflect.NativeMethodAccessorImpl.invoke(NativeMethodAccessorImpl.java:62)
	at sun.reflect.DelegatingMethodAccessorImpl.invoke(DelegatingMethodAccessorImpl.java:43)
	at java.lang.reflect.Method.invoke(Method.java:498)
	at org.testng.internal.MethodInvocationHelper.invokeMethod(MethodInvocationHelper.java:124)
	at org.testng.internal.MethodInvocationHelper.invokeMethodConsideringTimeout(MethodInvocationHelper.java:59)
	at org.testng.internal.Invoker.invokeConfigurationMethod(Invoker.java:458)
	at org.testng.internal.Invoker.invokeConfigurations(Invoker.java:222)
	at org.testng.internal.Invoker.invokeConfigurations(Invoker.java:142)
	at org.testng.TestRunner.beforeRun(TestRunner.java:529)
	at org.testng.TestRunner.run(TestRunner.java:497)
	at org.testng.SuiteRunner.runTest(SuiteRunner.java:455)
	at org.testng.SuiteRunner.runSequentially(SuiteRunner.java:450)
	at org.testng.SuiteRunner.privateRun(SuiteRunner.java:415)
	at org.testng.SuiteRunner.run(SuiteRunner.java:364)
	at org.testng.SuiteRunnerWorker.runSuite(SuiteRunnerWorker.java:52)
	at org.testng.SuiteRunnerWorker.run(SuiteRunnerWorker.java:84)
	at org.testng.TestNG.runSuitesSequentially(TestNG.java:1208)
	at org.testng.TestNG.runSuitesLocally(TestNG.java:1137)
	at org.testng.TestNG.runSuites(TestNG.java:1049)
	at org.testng.TestNG.run(TestNG.java:1017)
	at org.testng.remote.AbstractRemoteTestNG.run(AbstractRemoteTestNG.java:115)
	at org.testng.remote.RemoteTestNG.initAndRun(RemoteTestNG.java:251)
	at org.testng.remote.RemoteTestNG.main(RemoteTestNG.java:77)
Caused by: com.microsoft.playwright.impl.DriverException: Error {
  message=&apos;url: expected string, got undefined
  name=&apos;Error
  stack=&apos;Error: url: expected string, got undefined
    at tString (/private/var/folders/0d/nltcyhds4t99c9fktvddhg040000gp/T/playwright-java-8399788836561760101/package/lib/protocol/validatorPrimitives.js:48:9)
    at Object.FrameGotoParams (/private/var/folders/0d/nltcyhds4t99c9fktvddhg040000gp/T/playwright-java-8399788836561760101/package/lib/protocol/validatorPrimitives.js:99:21)
    at DispatcherConnection._validateParams (/private/var/folders/0d/nltcyhds4t99c9fktvddhg040000gp/T/playwright-java-8399788836561760101/package/lib/server/dispatchers/dispatcher.js:224:26)
    at DispatcherConnection.dispatch (/private/var/folders/0d/nltcyhds4t99c9fktvddhg040000gp/T/playwright-java-8399788836561760101/package/lib/server/dispatchers/dispatcher.js:267:26)
    at PipeTransport.transport.onmessage (/private/var/folders/0d/nltcyhds4t99c9fktvddhg040000gp/T/playwright-java-8399788836561760101/package/lib/cli/driver.js:61:57)
    at Immediate._onImmediate (/private/var/folders/0d/nltcyhds4t99c9fktvddhg040000gp/T/playwright-java-8399788836561760101/package/lib/protocol/transport.js:89:34)
    at processImmediate (node:internal/timers:464:21)
}
	at com.microsoft.playwright.impl.Connection.dispatch(Connection.java:188)
	at com.microsoft.playwright.impl.Connection.processOneMessage(Connection.java:168)
	at com.microsoft.playwright.impl.ChannelOwner.runUntil(ChannelOwner.java:101)
	... 35 more
</pre></div></td>
<td>0</td>
<td>com.qa.mytheresa.tests.HomePageTest@4d3167f4</td></tr>
</table><p>
</body>
</html>